<?xml version="1.0" encoding="UTF-8"?>
<!-- Generated by org.testng.reporters.JUnitReportReporter -->
<testsuite hostname="Jacks-Mac-mini.local" failures="0" tests="1" name="com.TestFramework.testcases.TestCaseWithoutFrwk" time="6.706" errors="0" timestamp="2023-05-31T16:10:28 IST" skipped="0">
  <testcase classname="com.TestFramework.testcases.TestCaseWithoutFrwk" name="test1" time="6.706"/>
  <system-out/>
</testsuite> <!-- com.TestFramework.testcases.TestCaseWithoutFrwk -->
